# JRE version: OpenJDK Runtime Environment (17.0.6) (build 17.0.6+0-b2043.56-9586694)
# Java VM: OpenJDK 64-Bit Server VM (17.0.6+0-b2043.56-9586694, mixed mode, tiered, compressed oops, compressed class ptrs, g1 gc, windows-amd64)
GC Precious Log:
 CPUs: 8 total, 8 available
 Memory: 6091M
 Large Page Support: Disabled
 NUMA Support: Disabled
 Compressed Oops: Enabled (32-bit)
 Heap Region Size: 1M
 Heap Min Capacity: 8M
 Heap Initial Capacity: 96M
 Heap Max Capacity: 2G
 Pre-touch: Disabled
 Parallel Workers: 8
 Concurrent Workers: 2
 Concurrent Refinement Workers: 8
 Periodic GC: Disabled
Heap:
 garbage-first heap   total 442368K, used 324746K [0x0000000080000000, 0x0000000100000000)
  region size 1024K, 66 young (67584K), 3 survivors (3072K)
 Metaspace       used 127264K, committed 128384K, reserved 1163264K
  class space    used 16828K, committed 17408K, reserved 1048576K
GC Heap History (20 events):
Event: 21.911 GC heap before
{Heap before GC invocations=55 (full 0):
 garbage-first heap   total 347136K, used 206828K [0x0000000080000000, 0x0000000100000000)
  region size 1024K, 16 young (16384K), 5 survivors (5120K)
 Metaspace       used 107187K, committed 107968K, reserved 1146880K
  class space    used 14446K, committed 14848K, reserved 1048576K
}
Event: 21.922 GC heap after
{Heap after GC invocations=56 (full 0):
 garbage-first heap   total 347136K, used 197945K [0x0000000080000000, 0x0000000100000000)
  region size 1024K, 2 young (2048K), 2 survivors (2048K)
 Metaspace       used 107187K, committed 107968K, reserved 1146880K
  class space    used 14446K, committed 14848K, reserved 1048576K
}
Event: 23.507 GC heap before
{Heap before GC invocations=56 (full 0):
 garbage-first heap   total 347136K, used 275769K [0x0000000080000000, 0x0000000100000000)
  region size 1024K, 78 young (79872K), 2 survivors (2048K)
 Metaspace       used 111483K, committed 112448K, reserved 1146880K
  class space    used 14975K, committed 15424K, reserved 1048576K
}
Event: 23.516 GC heap after
{Heap after GC invocations=57 (full 0):
 garbage-first heap   total 347136K, used 203500K [0x0000000080000000, 0x0000000100000000)
  region size 1024K, 8 young (8192K), 8 survivors (8192K)
 Metaspace       used 111483K, committed 112448K, reserved 1146880K
  class space    used 14975K, committed 15424K, reserved 1048576K
}
Event: 30.840 GC heap before
{Heap before GC invocations=57 (full 0):
 garbage-first heap   total 347136K, used 283372K [0x0000000080000000, 0x0000000100000000)
  region size 1024K, 86 young (88064K), 8 survivors (8192K)
 Metaspace       used 114372K, committed 115392K, reserved 1155072K
  class space    used 15360K, committed 15872K, reserved 1048576K
}
Event: 30.864 GC heap after
{Heap after GC invocations=58 (full 0):
 garbage-first heap   total 347136K, used 212476K [0x0000000080000000, 0x0000000100000000)
  region size 1024K, 9 young (9216K), 9 survivors (9216K)
 Metaspace       used 114372K, committed 115392K, reserved 1155072K
  class space    used 15360K, committed 15872K, reserved 1048576K
}
Event: 31.811 GC heap before
{Heap before GC invocations=58 (full 0):
 garbage-first heap   total 347136K, used 285180K [0x0000000080000000, 0x0000000100000000)
  region size 1024K, 80 young (81920K), 9 survivors (9216K)
 Metaspace       used 115729K, committed 116864K, reserved 1155072K
  class space    used 15523K, committed 16064K, reserved 1048576K
}
Event: 31.835 GC heap after
{Heap after GC invocations=59 (full 0):
 garbage-first heap   total 347136K, used 222456K [0x0000000080000000, 0x0000000100000000)
  region size 1024K, 10 young (10240K), 10 survivors (10240K)
 Metaspace       used 115729K, committed 116864K, reserved 1155072K
  class space    used 15523K, committed 16064K, reserved 1048576K
}
Event: 33.083 GC heap before
{Heap before GC invocations=60 (full 0):
 garbage-first heap   total 382976K, used 282872K [0x0000000080000000, 0x0000000100000000)
  region size 1024K, 70 young (71680K), 10 survivors (10240K)
 Metaspace       used 117961K, committed 119040K, reserved 1155072K
  class space    used 15863K, committed 16384K, reserved 1048576K
}
Event: 33.108 GC heap after
{Heap after GC invocations=61 (full 0):
 garbage-first heap   total 382976K, used 228938K [0x0000000080000000, 0x0000000100000000)
  region size 1024K, 7 young (7168K), 7 survivors (7168K)
 Metaspace       used 117961K, committed 119040K, reserved 1155072K
  class space    used 15863K, committed 16384K, reserved 1048576K
}
Event: 33.342 GC heap before
{Heap before GC invocations=61 (full 0):
 garbage-first heap   total 382976K, used 239178K [0x0000000080000000, 0x0000000100000000)
  region size 1024K, 18 young (18432K), 7 survivors (7168K)
 Metaspace       used 118015K, committed 119104K, reserved 1155072K
  class space    used 15863K, committed 16384K, reserved 1048576K
}
Event: 33.357 GC heap after
{Heap after GC invocations=62 (full 0):
 garbage-first heap   total 382976K, used 229767K [0x0000000080000000, 0x0000000100000000)
  region size 1024K, 2 young (2048K), 2 survivors (2048K)
 Metaspace       used 118015K, committed 119104K, reserved 1155072K
  class space    used 15863K, committed 16384K, reserved 1048576K
}
Event: 36.138 GC heap before
{Heap before GC invocations=62 (full 0):
 garbage-first heap   total 382976K, used 320903K [0x0000000080000000, 0x0000000100000000)
  region size 1024K, 83 young (84992K), 2 survivors (2048K)
 Metaspace       used 121146K, committed 122304K, reserved 1155072K
  class space    used 16204K, committed 16768K, reserved 1048576K
}
Event: 36.169 GC heap after
{Heap after GC invocations=63 (full 0):
 garbage-first heap   total 382976K, used 255876K [0x0000000080000000, 0x0000000100000000)
  region size 1024K, 11 young (11264K), 11 survivors (11264K)
 Metaspace       used 121146K, committed 122304K, reserved 1155072K
  class space    used 16204K, committed 16768K, reserved 1048576K
}
Event: 36.572 GC heap before
{Heap before GC invocations=63 (full 0):
 garbage-first heap   total 382976K, used 259972K [0x0000000080000000, 0x0000000100000000)
  region size 1024K, 17 young (17408K), 11 survivors (11264K)
 Metaspace       used 121297K, committed 122432K, reserved 1155072K
  class space    used 16217K, committed 16768K, reserved 1048576K
}
Event: 36.593 GC heap after
{Heap after GC invocations=64 (full 0):
 garbage-first heap   total 382976K, used 258849K [0x0000000080000000, 0x0000000100000000)
  region size 1024K, 3 young (3072K), 3 survivors (3072K)
 Metaspace       used 121297K, committed 122432K, reserved 1155072K
  class space    used 16217K, committed 16768K, reserved 1048576K
}
Event: 41.525 GC heap before
{Heap before GC invocations=65 (full 0):
 garbage-first heap   total 442368K, used 337697K [0x0000000080000000, 0x0000000100000000)
  region size 1024K, 56 young (57344K), 3 survivors (3072K)
 Metaspace       used 124004K, committed 125184K, reserved 1163264K
  class space    used 16564K, committed 17152K, reserved 1048576K
}
Event: 41.541 GC heap after
{Heap after GC invocations=66 (full 0):
 garbage-first heap   total 442368K, used 262410K [0x0000000080000000, 0x0000000100000000)
  region size 1024K, 6 young (6144K), 6 survivors (6144K)
 Metaspace       used 124004K, committed 125184K, reserved 1163264K
  class space    used 16564K, committed 17152K, reserved 1048576K
}
Event: 41.722 GC heap before
{Heap before GC invocations=66 (full 0):
 garbage-first heap   total 442368K, used 277770K [0x0000000080000000, 0x0000000100000000)
  region size 1024K, 21 young (21504K), 6 survivors (6144K)
 Metaspace       used 124111K, committed 125312K, reserved 1163264K
  class space    used 16570K, committed 17152K, reserved 1048576K
}
Event: 41.739 GC heap after
{Heap after GC invocations=67 (full 0):
 garbage-first heap   total 442368K, used 262282K [0x0000000080000000, 0x0000000100000000)
  region size 1024K, 3 young (3072K), 3 survivors (3072K)
 Metaspace       used 124111K, committed 125312K, reserved 1163264K
  class space    used 16570K, committed 17152K, reserved 1048576K
}

