# JRE version: OpenJDK Runtime Environment (17.0.6) (build 17.0.6+0-b2043.56-9586694)
# Java VM: OpenJDK 64-Bit Server VM (17.0.6+0-b2043.56-9586694, mixed mode, tiered, compressed oops, compressed class ptrs, g1 gc, windows-amd64)
GC Precious Log:
 CPUs: 8 total, 8 available
 Memory: 6091M
 Large Page Support: Disabled
 NUMA Support: Disabled
 Compressed Oops: Enabled (32-bit)
 Heap Region Size: 1M
 Heap Min Capacity: 8M
 Heap Initial Capacity: 96M
 Heap Max Capacity: 2G
 Pre-touch: Disabled
 Parallel Workers: 8
 Concurrent Workers: 2
 Concurrent Refinement Workers: 8
 Periodic GC: Disabled
Heap:
 garbage-first heap   total 334848K, used 176613K [0x0000000080000000, 0x0000000100000000)
  region size 1024K, 1 young (1024K), 1 survivors (1024K)
 Metaspace       used 115229K, committed 115968K, reserved 1155072K
  class space    used 16033K, committed 16384K, reserved 1048576K
GC Heap History (20 events):
Event: 25.838 GC heap after
{Heap after GC invocations=35 (full 0):
 garbage-first heap   total 160768K, used 94818K [0x0000000080000000, 0x0000000100000000)
  region size 1024K, 6 young (6144K), 6 survivors (6144K)
 Metaspace       used 95039K, committed 95680K, reserved 1138688K
  class space    used 13081K, committed 13376K, reserved 1048576K
}
Event: 27.132 GC heap before
{Heap before GC invocations=35 (full 0):
 garbage-first heap   total 160768K, used 129634K [0x0000000080000000, 0x0000000100000000)
  region size 1024K, 41 young (41984K), 6 survivors (6144K)
 Metaspace       used 96186K, committed 96896K, reserved 1138688K
  class space    used 13257K, committed 13568K, reserved 1048576K
}
Event: 27.146 GC heap after
{Heap after GC invocations=36 (full 0):
 garbage-first heap   total 160768K, used 99110K [0x0000000080000000, 0x0000000100000000)
  region size 1024K, 5 young (5120K), 5 survivors (5120K)
 Metaspace       used 96186K, committed 96896K, reserved 1138688K
  class space    used 13257K, committed 13568K, reserved 1048576K
}
Event: 27.767 GC heap before
{Heap before GC invocations=36 (full 0):
 garbage-first heap   total 160768K, used 130854K [0x0000000080000000, 0x0000000100000000)
  region size 1024K, 37 young (37888K), 5 survivors (5120K)
 Metaspace       used 96382K, committed 97024K, reserved 1138688K
  class space    used 13260K, committed 13568K, reserved 1048576K
}
Event: 27.777 GC heap after
{Heap after GC invocations=37 (full 0):
 garbage-first heap   total 160768K, used 101413K [0x0000000080000000, 0x0000000100000000)
  region size 1024K, 3 young (3072K), 3 survivors (3072K)
 Metaspace       used 96382K, committed 97024K, reserved 1138688K
  class space    used 13260K, committed 13568K, reserved 1048576K
}
Event: 28.499 GC heap before
{Heap before GC invocations=37 (full 0):
 garbage-first heap   total 160768K, used 132133K [0x0000000080000000, 0x0000000100000000)
  region size 1024K, 34 young (34816K), 3 survivors (3072K)
 Metaspace       used 96845K, committed 97536K, reserved 1138688K
  class space    used 13310K, committed 13632K, reserved 1048576K
}
Event: 28.509 GC heap after
{Heap after GC invocations=38 (full 0):
 garbage-first heap   total 321536K, used 103819K [0x0000000080000000, 0x0000000100000000)
  region size 1024K, 5 young (5120K), 5 survivors (5120K)
 Metaspace       used 96845K, committed 97536K, reserved 1138688K
  class space    used 13310K, committed 13632K, reserved 1048576K
}
Event: 31.225 GC heap before
{Heap before GC invocations=38 (full 0):
 garbage-first heap   total 321536K, used 241035K [0x0000000080000000, 0x0000000100000000)
  region size 1024K, 138 young (141312K), 5 survivors (5120K)
 Metaspace       used 101298K, committed 101952K, reserved 1138688K
  class space    used 13815K, committed 14144K, reserved 1048576K
}
Event: 31.253 GC heap after
{Heap after GC invocations=39 (full 0):
 garbage-first heap   total 321536K, used 119200K [0x0000000080000000, 0x0000000100000000)
  region size 1024K, 18 young (18432K), 18 survivors (18432K)
 Metaspace       used 101298K, committed 101952K, reserved 1138688K
  class space    used 13815K, committed 14144K, reserved 1048576K
}
Event: 32.604 GC heap before
{Heap before GC invocations=39 (full 0):
 garbage-first heap   total 321536K, used 241056K [0x0000000080000000, 0x0000000100000000)
  region size 1024K, 138 young (141312K), 18 survivors (18432K)
 Metaspace       used 106935K, committed 107584K, reserved 1146880K
  class space    used 14673K, committed 14976K, reserved 1048576K
}
Event: 32.647 GC heap after
{Heap after GC invocations=40 (full 0):
 garbage-first heap   total 321536K, used 139765K [0x0000000080000000, 0x0000000100000000)
  region size 1024K, 18 young (18432K), 18 survivors (18432K)
 Metaspace       used 106935K, committed 107584K, reserved 1146880K
  class space    used 14673K, committed 14976K, reserved 1048576K
}
Event: 33.587 GC heap before
{Heap before GC invocations=40 (full 0):
 garbage-first heap   total 321536K, used 243189K [0x0000000080000000, 0x0000000100000000)
  region size 1024K, 120 young (122880K), 18 survivors (18432K)
 Metaspace       used 110634K, committed 111360K, reserved 1146880K
  class space    used 15335K, committed 15680K, reserved 1048576K
}
Event: 33.628 GC heap after
{Heap after GC invocations=41 (full 0):
 garbage-first heap   total 321536K, used 155300K [0x0000000080000000, 0x0000000100000000)
  region size 1024K, 15 young (15360K), 15 survivors (15360K)
 Metaspace       used 110634K, committed 111360K, reserved 1146880K
  class space    used 15335K, committed 15680K, reserved 1048576K
}
Event: 33.904 GC heap before
{Heap before GC invocations=41 (full 0):
 garbage-first heap   total 321536K, used 209572K [0x0000000080000000, 0x0000000100000000)
  region size 1024K, 69 young (70656K), 15 survivors (15360K)
 Metaspace       used 112278K, committed 112960K, reserved 1146880K
  class space    used 15614K, committed 15936K, reserved 1048576K
}
Event: 33.934 GC heap after
{Heap after GC invocations=42 (full 0):
 garbage-first heap   total 321536K, used 165659K [0x0000000080000000, 0x0000000100000000)
  region size 1024K, 10 young (10240K), 10 survivors (10240K)
 Metaspace       used 112278K, committed 112960K, reserved 1146880K
  class space    used 15614K, committed 15936K, reserved 1048576K
}
Event: 34.813 GC heap before
{Heap before GC invocations=43 (full 0):
 garbage-first heap   total 334848K, used 253723K [0x0000000080000000, 0x0000000100000000)
  region size 1024K, 96 young (98304K), 10 survivors (10240K)
 Metaspace       used 114177K, committed 114880K, reserved 1155072K
  class space    used 15907K, committed 16256K, reserved 1048576K
}
Event: 34.840 GC heap after
{Heap after GC invocations=44 (full 0):
 garbage-first heap   total 334848K, used 176874K [0x0000000080000000, 0x0000000100000000)
  region size 1024K, 12 young (12288K), 12 survivors (12288K)
 Metaspace       used 114177K, committed 114880K, reserved 1155072K
  class space    used 15907K, committed 16256K, reserved 1048576K
}
Event: 34.886 GC heap before
{Heap before GC invocations=44 (full 0):
 garbage-first heap   total 334848K, used 180970K [0x0000000080000000, 0x0000000100000000)
  region size 1024K, 16 young (16384K), 12 survivors (12288K)
 Metaspace       used 114270K, committed 115008K, reserved 1155072K
  class space    used 15921K, committed 16256K, reserved 1048576K
}
Event: 34.900 GC heap after
{Heap after GC invocations=45 (full 0):
 garbage-first heap   total 334848K, used 177407K [0x0000000080000000, 0x0000000100000000)
  region size 1024K, 2 young (2048K), 2 survivors (2048K)
 Metaspace       used 114270K, committed 115008K, reserved 1155072K
  class space    used 15921K, committed 16256K, reserved 1048576K
}
Event: 35.577 GC heap before
{Heap before GC invocations=45 (full 0):
 garbage-first heap   total 334848K, used 267519K [0x0000000080000000, 0x0000000100000000)
  region size 1024K, 90 young (92160K), 2 survivors (2048K)
 Metaspace       used 115229K, committed 115968K, reserved 1155072K
  class space    used 16033K, committed 16384K, reserved 1048576K
}

