# JRE version: OpenJDK Runtime Environment (17.0.6) (build 17.0.6+0-b2043.56-9586694)
# Java VM: OpenJDK 64-Bit Server VM (17.0.6+0-b2043.56-9586694, mixed mode, tiered, compressed oops, compressed class ptrs, g1 gc, windows-amd64)
GC Precious Log:
 CPUs: 8 total, 8 available
 Memory: 6091M
 Large Page Support: Disabled
 NUMA Support: Disabled
 Compressed Oops: Enabled (32-bit)
 Heap Region Size: 1M
 Heap Min Capacity: 8M
 Heap Initial Capacity: 96M
 Heap Max Capacity: 2G
 Pre-touch: Disabled
 Parallel Workers: 8
 Concurrent Workers: 2
 Concurrent Refinement Workers: 8
 Periodic GC: Disabled
Heap:
 garbage-first heap   total 333824K, used 232705K [0x0000000080000000, 0x0000000100000000)
  region size 1024K, 145 young (148480K), 17 survivors (17408K)
 Metaspace       used 99340K, committed 100032K, reserved 1138688K
  class space    used 13563K, committed 13888K, reserved 1048576K
GC Heap History (20 events):
Event: 15.411 GC heap before
{Heap before GC invocations=26 (full 0):
 garbage-first heap   total 104448K, used 67381K [0x0000000080000000, 0x0000000100000000)
  region size 1024K, 5 young (5120K), 3 survivors (3072K)
 Metaspace       used 62773K, committed 63360K, reserved 1105920K
  class space    used 8297K, committed 8576K, reserved 1048576K
}
Event: 15.420 GC heap after
{Heap after GC invocations=27 (full 0):
 garbage-first heap   total 126976K, used 66073K [0x0000000080000000, 0x0000000100000000)
  region size 1024K, 1 young (1024K), 1 survivors (1024K)
 Metaspace       used 62773K, committed 63360K, reserved 1105920K
  class space    used 8297K, committed 8576K, reserved 1048576K
}
Event: 16.234 GC heap before
{Heap before GC invocations=27 (full 0):
 garbage-first heap   total 126976K, used 94745K [0x0000000080000000, 0x0000000100000000)
  region size 1024K, 29 young (29696K), 1 survivors (1024K)
 Metaspace       used 65593K, committed 66176K, reserved 1114112K
  class space    used 8647K, committed 8896K, reserved 1048576K
}
Event: 16.240 GC heap after
{Heap after GC invocations=28 (full 0):
 garbage-first heap   total 126976K, used 68417K [0x0000000080000000, 0x0000000100000000)
  region size 1024K, 4 young (4096K), 4 survivors (4096K)
 Metaspace       used 65593K, committed 66176K, reserved 1114112K
  class space    used 8647K, committed 8896K, reserved 1048576K
}
Event: 16.930 GC heap before
{Heap before GC invocations=29 (full 0):
 garbage-first heap   total 126976K, used 92993K [0x0000000080000000, 0x0000000100000000)
  region size 1024K, 32 young (32768K), 4 survivors (4096K)
 Metaspace       used 68462K, committed 68992K, reserved 1114112K
  class space    used 9045K, committed 9280K, reserved 1048576K
}
Event: 16.938 GC heap after
{Heap after GC invocations=30 (full 0):
 garbage-first heap   total 126976K, used 66142K [0x0000000080000000, 0x0000000100000000)
  region size 1024K, 2 young (2048K), 2 survivors (2048K)
 Metaspace       used 68462K, committed 68992K, reserved 1114112K
  class space    used 9045K, committed 9280K, reserved 1048576K
}
Event: 17.035 GC heap before
{Heap before GC invocations=30 (full 0):
 garbage-first heap   total 126976K, used 70238K [0x0000000080000000, 0x0000000100000000)
  region size 1024K, 6 young (6144K), 2 survivors (2048K)
 Metaspace       used 69044K, committed 69568K, reserved 1114112K
  class space    used 9126K, committed 9344K, reserved 1048576K
}
Event: 17.039 GC heap after
{Heap after GC invocations=31 (full 0):
 garbage-first heap   total 126976K, used 66042K [0x0000000080000000, 0x0000000100000000)
  region size 1024K, 1 young (1024K), 1 survivors (1024K)
 Metaspace       used 69044K, committed 69568K, reserved 1114112K
  class space    used 9126K, committed 9344K, reserved 1048576K
}
Event: 17.844 GC heap before
{Heap before GC invocations=31 (full 0):
 garbage-first heap   total 126976K, used 97786K [0x0000000080000000, 0x0000000100000000)
  region size 1024K, 32 young (32768K), 1 survivors (1024K)
 Metaspace       used 73124K, committed 73664K, reserved 1114112K
  class space    used 9685K, committed 9920K, reserved 1048576K
}
Event: 17.850 GC heap after
{Heap after GC invocations=32 (full 0):
 garbage-first heap   total 126976K, used 67764K [0x0000000080000000, 0x0000000100000000)
  region size 1024K, 3 young (3072K), 3 survivors (3072K)
 Metaspace       used 73124K, committed 73664K, reserved 1114112K
  class space    used 9685K, committed 9920K, reserved 1048576K
}
Event: 18.760 GC heap before
{Heap before GC invocations=33 (full 0):
 garbage-first heap   total 126976K, used 99508K [0x0000000080000000, 0x0000000100000000)
  region size 1024K, 34 young (34816K), 3 survivors (3072K)
 Metaspace       used 75851K, committed 76352K, reserved 1122304K
  class space    used 10078K, committed 10304K, reserved 1048576K
}
Event: 18.767 GC heap after
{Heap after GC invocations=34 (full 0):
 garbage-first heap   total 126976K, used 70748K [0x0000000080000000, 0x0000000100000000)
  region size 1024K, 5 young (5120K), 5 survivors (5120K)
 Metaspace       used 75851K, committed 76352K, reserved 1122304K
  class space    used 10078K, committed 10304K, reserved 1048576K
}
Event: 18.780 GC heap before
{Heap before GC invocations=34 (full 0):
 garbage-first heap   total 126976K, used 71772K [0x0000000080000000, 0x0000000100000000)
  region size 1024K, 6 young (6144K), 5 survivors (5120K)
 Metaspace       used 75862K, committed 76416K, reserved 1122304K
  class space    used 10079K, committed 10304K, reserved 1048576K
}
Event: 18.786 GC heap after
{Heap after GC invocations=35 (full 0):
 garbage-first heap   total 126976K, used 70961K [0x0000000080000000, 0x0000000100000000)
  region size 1024K, 1 young (1024K), 1 survivors (1024K)
 Metaspace       used 75862K, committed 76416K, reserved 1122304K
  class space    used 10079K, committed 10304K, reserved 1048576K
}
Event: 19.200 GC heap before
{Heap before GC invocations=35 (full 0):
 garbage-first heap   total 126976K, used 101681K [0x0000000080000000, 0x0000000100000000)
  region size 1024K, 31 young (31744K), 1 survivors (1024K)
 Metaspace       used 76332K, committed 76864K, reserved 1122304K
  class space    used 10139K, committed 10368K, reserved 1048576K
}
Event: 19.208 GC heap after
{Heap after GC invocations=36 (full 0):
 garbage-first heap   total 333824K, used 72632K [0x0000000080000000, 0x0000000100000000)
  region size 1024K, 3 young (3072K), 3 survivors (3072K)
 Metaspace       used 76332K, committed 76864K, reserved 1122304K
  class space    used 10139K, committed 10368K, reserved 1048576K
}
Event: 24.442 GC heap before
{Heap before GC invocations=36 (full 0):
 garbage-first heap   total 333824K, used 249784K [0x0000000080000000, 0x0000000100000000)
  region size 1024K, 176 young (180224K), 3 survivors (3072K)
 Metaspace       used 93241K, committed 93824K, reserved 1130496K
  class space    used 12730K, committed 12992K, reserved 1048576K
}
Event: 24.472 GC heap after
{Heap after GC invocations=37 (full 0):
 garbage-first heap   total 333824K, used 86398K [0x0000000080000000, 0x0000000100000000)
  region size 1024K, 16 young (16384K), 16 survivors (16384K)
 Metaspace       used 93241K, committed 93824K, reserved 1130496K
  class space    used 12730K, committed 12992K, reserved 1048576K
}
Event: 27.480 GC heap before
{Heap before GC invocations=37 (full 0):
 garbage-first heap   total 333824K, used 247166K [0x0000000080000000, 0x0000000100000000)
  region size 1024K, 174 young (178176K), 16 survivors (16384K)
 Metaspace       used 96782K, committed 97472K, reserved 1138688K
  class space    used 13316K, committed 13632K, reserved 1048576K
}
Event: 27.543 GC heap after
{Heap after GC invocations=38 (full 0):
 garbage-first heap   total 333824K, used 103681K [0x0000000080000000, 0x0000000100000000)
  region size 1024K, 17 young (17408K), 17 survivors (17408K)
 Metaspace       used 96782K, committed 97472K, reserved 1138688K
  class space    used 13316K, committed 13632K, reserved 1048576K
}

