# JRE version: OpenJDK Runtime Environment (17.0.6) (build 17.0.6+0-b2043.56-9586694)
# Java VM: OpenJDK 64-Bit Server VM (17.0.6+0-b2043.56-9586694, mixed mode, tiered, compressed oops, compressed class ptrs, g1 gc, windows-amd64)
GC Precious Log:
 CPUs: 8 total, 8 available
 Memory: 6091M
 Large Page Support: Disabled
 NUMA Support: Disabled
 Compressed Oops: Enabled (32-bit)
 Heap Region Size: 1M
 Heap Min Capacity: 8M
 Heap Initial Capacity: 96M
 Heap Max Capacity: 1524M
 Pre-touch: Disabled
 Parallel Workers: 8
 Concurrent Workers: 2
 Concurrent Refinement Workers: 8
 Periodic GC: Disabled
Heap:
 garbage-first heap   total 252928K, used 63998K [0x00000000a0c00000, 0x0000000100000000)
  region size 1024K, 6 young (6144K), 2 survivors (2048K)
 Metaspace       used 76687K, committed 76928K, reserved 1122304K
  class space    used 8836K, committed 8960K, reserved 1048576K
GC Heap History (20 events):
Event: 5.304 GC heap before
{Heap before GC invocations=12 (full 0):
 garbage-first heap   total 86016K, used 63165K [0x00000000a0c00000, 0x0000000100000000)
  region size 1024K, 33 young (33792K), 4 survivors (4096K)
 Metaspace       used 51138K, committed 51392K, reserved 1097728K
  class space    used 6169K, committed 6272K, reserved 1048576K
}
Event: 5.319 GC heap after
{Heap after GC invocations=13 (full 0):
 garbage-first heap   total 86016K, used 34895K [0x00000000a0c00000, 0x0000000100000000)
  region size 1024K, 2 young (2048K), 2 survivors (2048K)
 Metaspace       used 51138K, committed 51392K, reserved 1097728K
  class space    used 6169K, committed 6272K, reserved 1048576K
}
Event: 6.264 GC heap before
{Heap before GC invocations=13 (full 0):
 garbage-first heap   total 86016K, used 65615K [0x00000000a0c00000, 0x0000000100000000)
  region size 1024K, 32 young (32768K), 2 survivors (2048K)
 Metaspace       used 55912K, committed 56192K, reserved 1105920K
  class space    used 6790K, committed 6912K, reserved 1048576K
}
Event: 6.280 GC heap after
{Heap after GC invocations=14 (full 0):
 garbage-first heap   total 86016K, used 39660K [0x00000000a0c00000, 0x0000000100000000)
  region size 1024K, 4 young (4096K), 4 survivors (4096K)
 Metaspace       used 55912K, committed 56192K, reserved 1105920K
  class space    used 6790K, committed 6912K, reserved 1048576K
}
Event: 6.844 GC heap before
{Heap before GC invocations=14 (full 0):
 garbage-first heap   total 86016K, used 65260K [0x00000000a0c00000, 0x0000000100000000)
  region size 1024K, 29 young (29696K), 4 survivors (4096K)
 Metaspace       used 56517K, committed 56768K, reserved 1105920K
  class space    used 6853K, committed 6976K, reserved 1048576K
}
Event: 6.871 GC heap after
{Heap after GC invocations=15 (full 0):
 garbage-first heap   total 86016K, used 44621K [0x00000000a0c00000, 0x0000000100000000)
  region size 1024K, 4 young (4096K), 4 survivors (4096K)
 Metaspace       used 56517K, committed 56768K, reserved 1105920K
  class space    used 6853K, committed 6976K, reserved 1048576K
}
Event: 7.273 GC heap before
{Heap before GC invocations=15 (full 0):
 garbage-first heap   total 86016K, used 64077K [0x00000000a0c00000, 0x0000000100000000)
  region size 1024K, 24 young (24576K), 4 survivors (4096K)
 Metaspace       used 58117K, committed 58432K, reserved 1105920K
  class space    used 7023K, committed 7168K, reserved 1048576K
}
Event: 7.289 GC heap after
{Heap after GC invocations=16 (full 0):
 garbage-first heap   total 112640K, used 48026K [0x00000000a0c00000, 0x0000000100000000)
  region size 1024K, 3 young (3072K), 3 survivors (3072K)
 Metaspace       used 58117K, committed 58432K, reserved 1105920K
  class space    used 7023K, committed 7168K, reserved 1048576K
}
Event: 8.224 GC heap before
{Heap before GC invocations=17 (full 0):
 garbage-first heap   total 112640K, used 84890K [0x00000000a0c00000, 0x0000000100000000)
  region size 1024K, 39 young (39936K), 3 survivors (3072K)
 Metaspace       used 63032K, committed 63296K, reserved 1105920K
  class space    used 7503K, committed 7616K, reserved 1048576K
}
Event: 8.241 GC heap after
{Heap after GC invocations=18 (full 0):
 garbage-first heap   total 112640K, used 53327K [0x00000000a0c00000, 0x0000000100000000)
  region size 1024K, 5 young (5120K), 5 survivors (5120K)
 Metaspace       used 63032K, committed 63296K, reserved 1105920K
  class space    used 7503K, committed 7616K, reserved 1048576K
}
Event: 8.265 GC heap before
{Heap before GC invocations=18 (full 0):
 garbage-first heap   total 112640K, used 54351K [0x00000000a0c00000, 0x0000000100000000)
  region size 1024K, 6 young (6144K), 5 survivors (5120K)
 Metaspace       used 63294K, committed 63616K, reserved 1105920K
  class space    used 7527K, committed 7680K, reserved 1048576K
}
Event: 8.274 GC heap after
{Heap after GC invocations=19 (full 0):
 garbage-first heap   total 112640K, used 54479K [0x00000000a0c00000, 0x0000000100000000)
  region size 1024K, 1 young (1024K), 1 survivors (1024K)
 Metaspace       used 63294K, committed 63616K, reserved 1105920K
  class space    used 7527K, committed 7680K, reserved 1048576K
}
Event: 9.082 GC heap before
{Heap before GC invocations=19 (full 0):
 garbage-first heap   total 112640K, used 86223K [0x00000000a0c00000, 0x0000000100000000)
  region size 1024K, 32 young (32768K), 1 survivors (1024K)
 Metaspace       used 69877K, committed 70144K, reserved 1114112K
  class space    used 8178K, committed 8320K, reserved 1048576K
}
Event: 9.092 GC heap after
{Heap after GC invocations=20 (full 0):
 garbage-first heap   total 112640K, used 55539K [0x00000000a0c00000, 0x0000000100000000)
  region size 1024K, 2 young (2048K), 2 survivors (2048K)
 Metaspace       used 69877K, committed 70144K, reserved 1114112K
  class space    used 8178K, committed 8320K, reserved 1048576K
}
Event: 9.724 GC heap before
{Heap before GC invocations=21 (full 0):
 garbage-first heap   total 112640K, used 88307K [0x00000000a0c00000, 0x0000000100000000)
  region size 1024K, 34 young (34816K), 2 survivors (2048K)
 Metaspace       used 71222K, committed 71488K, reserved 1114112K
  class space    used 8274K, committed 8384K, reserved 1048576K
}
Event: 9.740 GC heap after
{Heap after GC invocations=22 (full 0):
 garbage-first heap   total 112640K, used 59505K [0x00000000a0c00000, 0x0000000100000000)
  region size 1024K, 5 young (5120K), 5 survivors (5120K)
 Metaspace       used 71222K, committed 71488K, reserved 1114112K
  class space    used 8274K, committed 8384K, reserved 1048576K
}
Event: 9.766 GC heap before
{Heap before GC invocations=22 (full 0):
 garbage-first heap   total 112640K, used 59505K [0x00000000a0c00000, 0x0000000100000000)
  region size 1024K, 6 young (6144K), 5 survivors (5120K)
 Metaspace       used 71532K, committed 71808K, reserved 1114112K
  class space    used 8290K, committed 8448K, reserved 1048576K
}
Event: 9.778 GC heap after
{Heap after GC invocations=23 (full 0):
 garbage-first heap   total 112640K, used 59767K [0x00000000a0c00000, 0x0000000100000000)
  region size 1024K, 1 young (1024K), 1 survivors (1024K)
 Metaspace       used 71532K, committed 71808K, reserved 1114112K
  class space    used 8290K, committed 8448K, reserved 1048576K
}
Event: 10.664 GC heap before
{Heap before GC invocations=23 (full 0):
 garbage-first heap   total 112640K, used 87415K [0x00000000a0c00000, 0x0000000100000000)
  region size 1024K, 29 young (29696K), 1 survivors (1024K)
 Metaspace       used 75743K, committed 76032K, reserved 1122304K
  class space    used 8739K, committed 8896K, reserved 1048576K
}
Event: 10.673 GC heap after
{Heap after GC invocations=24 (full 0):
 garbage-first heap   total 252928K, used 60926K [0x00000000a0c00000, 0x0000000100000000)
  region size 1024K, 2 young (2048K), 2 survivors (2048K)
 Metaspace       used 75743K, committed 76032K, reserved 1122304K
  class space    used 8739K, committed 8896K, reserved 1048576K
}

