# JRE version: OpenJDK Runtime Environment (17.0.6) (build 17.0.6+0-b2043.56-9586694)
# Java VM: OpenJDK 64-Bit Server VM (17.0.6+0-b2043.56-9586694, mixed mode, tiered, compressed oops, compressed class ptrs, g1 gc, windows-amd64)
GC Precious Log:
 CPUs: 8 total, 8 available
 Memory: 6091M
 Large Page Support: Disabled
 NUMA Support: Disabled
 Compressed Oops: Enabled (32-bit)
 Heap Region Size: 1M
 Heap Min Capacity: 8M
 Heap Initial Capacity: 96M
 Heap Max Capacity: 2G
 Pre-touch: Disabled
 Parallel Workers: 8
 Concurrent Workers: 2
 Concurrent Refinement Workers: 8
 Periodic GC: Disabled
Heap:
 garbage-first heap   total 290816K, used 182928K [0x0000000080000000, 0x0000000100000000)
  region size 1024K, 2 young (2048K), 2 survivors (2048K)
 Metaspace       used 115068K, committed 115776K, reserved 1155072K
  class space    used 16149K, committed 16512K, reserved 1048576K
GC Heap History (20 events):
Event: 18.817 GC heap after
{Heap after GC invocations=37 (full 0):
 garbage-first heap   total 122880K, used 70608K [0x0000000080000000, 0x0000000100000000)
  region size 1024K, 3 young (3072K), 3 survivors (3072K)
 Metaspace       used 75882K, committed 76480K, reserved 1122304K
  class space    used 10077K, committed 10368K, reserved 1048576K
}
Event: 19.526 GC heap before
{Heap before GC invocations=37 (full 0):
 garbage-first heap   total 122880K, used 99280K [0x0000000080000000, 0x0000000100000000)
  region size 1024K, 31 young (31744K), 3 survivors (3072K)
 Metaspace       used 78320K, committed 78848K, reserved 1122304K
  class space    used 10453K, committed 10688K, reserved 1048576K
}
Event: 19.537 GC heap after
{Heap after GC invocations=38 (full 0):
 garbage-first heap   total 290816K, used 73136K [0x0000000080000000, 0x0000000100000000)
  region size 1024K, 3 young (3072K), 3 survivors (3072K)
 Metaspace       used 78320K, committed 78848K, reserved 1122304K
  class space    used 10453K, committed 10688K, reserved 1048576K
}
Event: 24.886 GC heap before
{Heap before GC invocations=38 (full 0):
 garbage-first heap   total 290816K, used 218544K [0x0000000080000000, 0x0000000100000000)
  region size 1024K, 146 young (149504K), 3 survivors (3072K)
 Metaspace       used 92750K, committed 93376K, reserved 1130496K
  class space    used 12660K, committed 12928K, reserved 1048576K
}
Event: 24.909 GC heap after
{Heap after GC invocations=39 (full 0):
 garbage-first heap   total 290816K, used 84237K [0x0000000080000000, 0x0000000100000000)
  region size 1024K, 14 young (14336K), 14 survivors (14336K)
 Metaspace       used 92750K, committed 93376K, reserved 1130496K
  class space    used 12660K, committed 12928K, reserved 1048576K
}
Event: 27.390 GC heap before
{Heap before GC invocations=39 (full 0):
 garbage-first heap   total 290816K, used 218381K [0x0000000080000000, 0x0000000100000000)
  region size 1024K, 146 young (149504K), 14 survivors (14336K)
 Metaspace       used 96203K, committed 96832K, reserved 1138688K
  class space    used 13271K, committed 13568K, reserved 1048576K
}
Event: 27.419 GC heap after
{Heap after GC invocations=40 (full 0):
 garbage-first heap   total 290816K, used 99561K [0x0000000080000000, 0x0000000100000000)
  region size 1024K, 16 young (16384K), 16 survivors (16384K)
 Metaspace       used 96203K, committed 96832K, reserved 1138688K
  class space    used 13271K, committed 13568K, reserved 1048576K
}
Event: 29.797 GC heap before
{Heap before GC invocations=40 (full 0):
 garbage-first heap   total 290816K, used 219369K [0x0000000080000000, 0x0000000100000000)
  region size 1024K, 134 young (137216K), 16 survivors (16384K)
 Metaspace       used 99591K, committed 100288K, reserved 1138688K
  class space    used 13598K, committed 13952K, reserved 1048576K
}
Event: 29.823 GC heap after
{Heap after GC invocations=41 (full 0):
 garbage-first heap   total 290816K, used 110115K [0x0000000080000000, 0x0000000100000000)
  region size 1024K, 11 young (11264K), 11 survivors (11264K)
 Metaspace       used 99591K, committed 100288K, reserved 1138688K
  class space    used 13598K, committed 13952K, reserved 1048576K
}
Event: 31.050 GC heap before
{Heap before GC invocations=41 (full 0):
 garbage-first heap   total 290816K, used 227875K [0x0000000080000000, 0x0000000100000000)
  region size 1024K, 125 young (128000K), 11 survivors (11264K)
 Metaspace       used 104347K, committed 105088K, reserved 1146880K
  class space    used 14308K, committed 14656K, reserved 1048576K
}
Event: 31.071 GC heap after
{Heap after GC invocations=42 (full 0):
 garbage-first heap   total 290816K, used 127604K [0x0000000080000000, 0x0000000100000000)
  region size 1024K, 16 young (16384K), 16 survivors (16384K)
 Metaspace       used 104347K, committed 105088K, reserved 1146880K
  class space    used 14308K, committed 14656K, reserved 1048576K
}
Event: 31.682 GC heap before
{Heap before GC invocations=42 (full 0):
 garbage-first heap   total 290816K, used 227956K [0x0000000080000000, 0x0000000100000000)
  region size 1024K, 115 young (117760K), 16 survivors (16384K)
 Metaspace       used 107117K, committed 107840K, reserved 1146880K
  class space    used 14751K, committed 15104K, reserved 1048576K
}
Event: 31.728 GC heap after
{Heap after GC invocations=43 (full 0):
 garbage-first heap   total 290816K, used 144344K [0x0000000080000000, 0x0000000100000000)
  region size 1024K, 15 young (15360K), 15 survivors (15360K)
 Metaspace       used 107117K, committed 107840K, reserved 1146880K
  class space    used 14751K, committed 15104K, reserved 1048576K
}
Event: 32.281 GC heap before
{Heap before GC invocations=43 (full 0):
 garbage-first heap   total 290816K, used 227288K [0x0000000080000000, 0x0000000100000000)
  region size 1024K, 97 young (99328K), 15 survivors (15360K)
 Metaspace       used 110613K, committed 111360K, reserved 1146880K
  class space    used 15400K, committed 15744K, reserved 1048576K
}
Event: 32.314 GC heap after
{Heap after GC invocations=44 (full 0):
 garbage-first heap   total 290816K, used 158381K [0x0000000080000000, 0x0000000100000000)
  region size 1024K, 13 young (13312K), 13 survivors (13312K)
 Metaspace       used 110613K, committed 111360K, reserved 1146880K
  class space    used 15400K, committed 15744K, reserved 1048576K
}
Event: 32.554 GC heap before
{Heap before GC invocations=44 (full 0):
 garbage-first heap   total 290816K, used 232109K [0x0000000080000000, 0x0000000100000000)
  region size 1024K, 85 young (87040K), 13 survivors (13312K)
 Metaspace       used 112337K, committed 113024K, reserved 1146880K
  class space    used 15729K, committed 16064K, reserved 1048576K
}
Event: 32.585 GC heap after
{Heap after GC invocations=45 (full 0):
 garbage-first heap   total 290816K, used 170314K [0x0000000080000000, 0x0000000100000000)
  region size 1024K, 11 young (11264K), 11 survivors (11264K)
 Metaspace       used 112337K, committed 113024K, reserved 1146880K
  class space    used 15729K, committed 16064K, reserved 1048576K
}
Event: 32.994 GC heap before
{Heap before GC invocations=45 (full 0):
 garbage-first heap   total 290816K, used 234826K [0x0000000080000000, 0x0000000100000000)
  region size 1024K, 74 young (75776K), 11 survivors (11264K)
 Metaspace       used 114333K, committed 115072K, reserved 1155072K
  class space    used 16068K, committed 16448K, reserved 1048576K
}
Event: 33.020 GC heap after
{Heap after GC invocations=46 (full 0):
 garbage-first heap   total 290816K, used 181018K [0x0000000080000000, 0x0000000100000000)
  region size 1024K, 10 young (10240K), 10 survivors (10240K)
 Metaspace       used 114333K, committed 115072K, reserved 1155072K
  class space    used 16068K, committed 16448K, reserved 1048576K
}
Event: 33.447 GC heap before
{Heap before GC invocations=46 (full 0):
 garbage-first heap   total 290816K, used 237338K [0x0000000080000000, 0x0000000100000000)
  region size 1024K, 66 young (67584K), 10 survivors (10240K)
 Metaspace       used 115068K, committed 115776K, reserved 1155072K
  class space    used 16149K, committed 16512K, reserved 1048576K
}

