# JRE version: OpenJDK Runtime Environment (17.0.6) (build 17.0.6+0-b2043.56-9586694)
# Java VM: OpenJDK 64-Bit Server VM (17.0.6+0-b2043.56-9586694, mixed mode, tiered, compressed oops, compressed class ptrs, g1 gc, windows-amd64)
GC Precious Log:
 CPUs: 8 total, 8 available
 Memory: 6091M
 Large Page Support: Disabled
 NUMA Support: Disabled
 Compressed Oops: Enabled (32-bit)
 Heap Region Size: 1M
 Heap Min Capacity: 8M
 Heap Initial Capacity: 96M
 Heap Max Capacity: 2G
 Pre-touch: Disabled
 Parallel Workers: 8
 Concurrent Workers: 2
 Concurrent Refinement Workers: 8
 Periodic GC: Disabled
Heap:
 garbage-first heap   total 133120K, used 83742K [0x0000000080000000, 0x0000000100000000)
  region size 1024K, 4 young (4096K), 3 survivors (3072K)
 Metaspace       used 46633K, committed 47104K, reserved 1089536K
  class space    used 6193K, committed 6400K, reserved 1048576K
GC Heap History (20 events):
Event: 12.278 GC heap before
{Heap before GC invocations=10 (full 0):
 garbage-first heap   total 71680K, used 56893K [0x0000000080000000, 0x0000000100000000)
  region size 1024K, 3 young (3072K), 2 survivors (2048K)
 Metaspace       used 30908K, committed 31296K, reserved 1081344K
  class space    used 4221K, committed 4416K, reserved 1048576K
}
Event: 12.281 GC heap after
{Heap after GC invocations=11 (full 0):
 garbage-first heap   total 71680K, used 55569K [0x0000000080000000, 0x0000000100000000)
  region size 1024K, 1 young (1024K), 1 survivors (1024K)
 Metaspace       used 30908K, committed 31296K, reserved 1081344K
  class space    used 4221K, committed 4416K, reserved 1048576K
}
Event: 12.994 GC heap before
{Heap before GC invocations=11 (full 0):
 garbage-first heap   total 71680K, used 59665K [0x0000000080000000, 0x0000000100000000)
  region size 1024K, 5 young (5120K), 1 survivors (1024K)
 Metaspace       used 31439K, committed 31808K, reserved 1081344K
  class space    used 4316K, committed 4480K, reserved 1048576K
}
Event: 12.996 GC heap after
{Heap after GC invocations=12 (full 0):
 garbage-first heap   total 71680K, used 55718K [0x0000000080000000, 0x0000000100000000)
  region size 1024K, 1 young (1024K), 1 survivors (1024K)
 Metaspace       used 31439K, committed 31808K, reserved 1081344K
  class space    used 4316K, committed 4480K, reserved 1048576K
}
Event: 13.863 GC heap before
{Heap before GC invocations=13 (full 0):
 garbage-first heap   total 97280K, used 58790K [0x0000000080000000, 0x0000000100000000)
  region size 1024K, 4 young (4096K), 1 survivors (1024K)
 Metaspace       used 31856K, committed 32192K, reserved 1081344K
  class space    used 4392K, committed 4544K, reserved 1048576K
}
Event: 13.865 GC heap after
{Heap after GC invocations=14 (full 0):
 garbage-first heap   total 97280K, used 55911K [0x0000000080000000, 0x0000000100000000)
  region size 1024K, 1 young (1024K), 1 survivors (1024K)
 Metaspace       used 31856K, committed 32192K, reserved 1081344K
  class space    used 4392K, committed 4544K, reserved 1048576K
}
Event: 15.174 GC heap before
{Heap before GC invocations=14 (full 0):
 garbage-first heap   total 97280K, used 77415K [0x0000000080000000, 0x0000000100000000)
  region size 1024K, 22 young (22528K), 1 survivors (1024K)
 Metaspace       used 35196K, committed 35584K, reserved 1081344K
  class space    used 4888K, committed 5056K, reserved 1048576K
}
Event: 15.177 GC heap after
{Heap after GC invocations=15 (full 0):
 garbage-first heap   total 97280K, used 56792K [0x0000000080000000, 0x0000000100000000)
  region size 1024K, 2 young (2048K), 2 survivors (2048K)
 Metaspace       used 35196K, committed 35584K, reserved 1081344K
  class space    used 4888K, committed 5056K, reserved 1048576K
}
Event: 16.998 GC heap before
{Heap before GC invocations=16 (full 0):
 garbage-first heap   total 99328K, used 77272K [0x0000000080000000, 0x0000000100000000)
  region size 1024K, 23 young (23552K), 2 survivors (2048K)
 Metaspace       used 41243K, committed 41600K, reserved 1089536K
  class space    used 5537K, committed 5696K, reserved 1048576K
}
Event: 17.004 GC heap after
{Heap after GC invocations=17 (full 0):
 garbage-first heap   total 99328K, used 60352K [0x0000000080000000, 0x0000000100000000)
  region size 1024K, 3 young (3072K), 3 survivors (3072K)
 Metaspace       used 41243K, committed 41600K, reserved 1089536K
  class space    used 5537K, committed 5696K, reserved 1048576K
}
Event: 17.330 GC heap before
{Heap before GC invocations=17 (full 0):
 garbage-first heap   total 99328K, used 80832K [0x0000000080000000, 0x0000000100000000)
  region size 1024K, 23 young (23552K), 3 survivors (3072K)
 Metaspace       used 41809K, committed 42240K, reserved 1089536K
  class space    used 5582K, committed 5760K, reserved 1048576K
}
Event: 17.336 GC heap after
{Heap after GC invocations=18 (full 0):
 garbage-first heap   total 99328K, used 62762K [0x0000000080000000, 0x0000000100000000)
  region size 1024K, 3 young (3072K), 3 survivors (3072K)
 Metaspace       used 41809K, committed 42240K, reserved 1089536K
  class space    used 5582K, committed 5760K, reserved 1048576K
}
Event: 17.533 GC heap before
{Heap before GC invocations=19 (full 0):
 garbage-first heap   total 109568K, used 65834K [0x0000000080000000, 0x0000000100000000)
  region size 1024K, 8 young (8192K), 3 survivors (3072K)
 Metaspace       used 42177K, committed 42624K, reserved 1089536K
  class space    used 5624K, committed 5824K, reserved 1048576K
}
Event: 17.537 GC heap after
{Heap after GC invocations=20 (full 0):
 garbage-first heap   total 109568K, used 63892K [0x0000000080000000, 0x0000000100000000)
  region size 1024K, 2 young (2048K), 2 survivors (2048K)
 Metaspace       used 42177K, committed 42624K, reserved 1089536K
  class space    used 5624K, committed 5824K, reserved 1048576K
}
Event: 18.467 GC heap before
{Heap before GC invocations=21 (full 0):
 garbage-first heap   total 116736K, used 90516K [0x0000000080000000, 0x0000000100000000)
  region size 1024K, 25 young (25600K), 2 survivors (2048K)
 Metaspace       used 46046K, committed 46400K, reserved 1089536K
  class space    used 6099K, committed 6272K, reserved 1048576K
}
Event: 18.475 GC heap after
{Heap after GC invocations=22 (full 0):
 garbage-first heap   total 116736K, used 65051K [0x0000000080000000, 0x0000000100000000)
  region size 1024K, 3 young (3072K), 3 survivors (3072K)
 Metaspace       used 46046K, committed 46400K, reserved 1089536K
  class space    used 6099K, committed 6272K, reserved 1048576K
}
Event: 18.961 GC heap before
{Heap before GC invocations=22 (full 0):
 garbage-first heap   total 116736K, used 72219K [0x0000000080000000, 0x0000000100000000)
  region size 1024K, 12 young (12288K), 3 survivors (3072K)
 Metaspace       used 46632K, committed 47104K, reserved 1089536K
  class space    used 6193K, committed 6400K, reserved 1048576K
}
Event: 18.970 GC heap after
{Heap after GC invocations=23 (full 0):
 garbage-first heap   total 116736K, used 66881K [0x0000000080000000, 0x0000000100000000)
  region size 1024K, 4 young (4096K), 4 survivors (4096K)
 Metaspace       used 46632K, committed 47104K, reserved 1089536K
  class space    used 6193K, committed 6400K, reserved 1048576K
}
Event: 19.100 GC heap before
{Heap before GC invocations=24 (full 0):
 garbage-first heap   total 133120K, used 80193K [0x0000000080000000, 0x0000000100000000)
  region size 1024K, 5 young (5120K), 4 survivors (4096K)
 Metaspace       used 46633K, committed 47104K, reserved 1089536K
  class space    used 6193K, committed 6400K, reserved 1048576K
}
Event: 19.111 GC heap after
{Heap after GC invocations=25 (full 0):
 garbage-first heap   total 133120K, used 80670K [0x0000000080000000, 0x0000000100000000)
  region size 1024K, 3 young (3072K), 3 survivors (3072K)
 Metaspace       used 46633K, committed 47104K, reserved 1089536K
  class space    used 6193K, committed 6400K, reserved 1048576K
}

