# JRE version: OpenJDK Runtime Environment (17.0.6) (build 17.0.6+0-b2043.56-9586694)
# Java VM: OpenJDK 64-Bit Server VM (17.0.6+0-b2043.56-9586694, mixed mode, tiered, compressed oops, compressed class ptrs, g1 gc, windows-amd64)
GC Precious Log:
 CPUs: 8 total, 8 available
 Memory: 6091M
 Large Page Support: Disabled
 NUMA Support: Disabled
 Compressed Oops: Enabled (32-bit)
 Heap Region Size: 1M
 Heap Min Capacity: 8M
 Heap Initial Capacity: 96M
 Heap Max Capacity: 2G
 Pre-touch: Disabled
 Parallel Workers: 8
 Concurrent Workers: 2
 Concurrent Refinement Workers: 8
 Periodic GC: Disabled
Heap:
 garbage-first heap   total 355328K, used 234943K [0x0000000080000000, 0x0000000100000000)
  region size 1024K, 6 young (6144K), 6 survivors (6144K)
 Metaspace       used 132900K, committed 133824K, reserved 1171456K
  class space    used 18198K, committed 18624K, reserved 1048576K
GC Heap History (20 events):
Event: 70.162 GC heap after
{Heap after GC invocations=50 (full 0):
 garbage-first heap   total 355328K, used 212965K [0x0000000080000000, 0x0000000100000000)
  region size 1024K, 11 young (11264K), 11 survivors (11264K)
 Metaspace       used 125920K, committed 126784K, reserved 1163264K
  class space    used 17117K, committed 17536K, reserved 1048576K
}
Event: 70.618 GC heap before
{Heap before GC invocations=50 (full 0):
 garbage-first heap   total 355328K, used 286693K [0x0000000080000000, 0x0000000100000000)
  region size 1024K, 83 young (84992K), 11 survivors (11264K)
 Metaspace       used 127425K, committed 128320K, reserved 1163264K
  class space    used 17395K, committed 17792K, reserved 1048576K
}
Event: 70.653 GC heap after
{Heap after GC invocations=51 (full 0):
 garbage-first heap   total 355328K, used 226304K [0x0000000080000000, 0x0000000100000000)
  region size 1024K, 11 young (11264K), 11 survivors (11264K)
 Metaspace       used 127425K, committed 128320K, reserved 1163264K
  class space    used 17395K, committed 17792K, reserved 1048576K
}
Event: 71.564 GC heap before
{Heap before GC invocations=51 (full 0):
 garbage-first heap   total 355328K, used 290816K [0x0000000080000000, 0x0000000100000000)
  region size 1024K, 74 young (75776K), 11 survivors (11264K)
 Metaspace       used 129796K, committed 130688K, reserved 1163264K
  class space    used 17788K, committed 18176K, reserved 1048576K
}
Event: 71.579 GC heap after
{Heap after GC invocations=52 (full 0):
 garbage-first heap   total 355328K, used 230209K [0x0000000080000000, 0x0000000100000000)
  region size 1024K, 3 young (3072K), 3 survivors (3072K)
 Metaspace       used 129796K, committed 130688K, reserved 1163264K
  class space    used 17788K, committed 18176K, reserved 1048576K
}
Event: 71.889 GC heap before
{Heap before GC invocations=52 (full 0):
 garbage-first heap   total 355328K, used 293697K [0x0000000080000000, 0x0000000100000000)
  region size 1024K, 66 young (67584K), 3 survivors (3072K)
 Metaspace       used 130433K, committed 131392K, reserved 1163264K
  class space    used 17868K, committed 18304K, reserved 1048576K
}
Event: 71.895 GC heap after
{Heap after GC invocations=53 (full 0):
 garbage-first heap   total 355328K, used 229798K [0x0000000080000000, 0x0000000100000000)
  region size 1024K, 3 young (3072K), 3 survivors (3072K)
 Metaspace       used 130433K, committed 131392K, reserved 1163264K
  class space    used 17868K, committed 18304K, reserved 1048576K
}
Event: 72.254 GC heap before
{Heap before GC invocations=53 (full 0):
 garbage-first heap   total 355328K, used 297382K [0x0000000080000000, 0x0000000100000000)
  region size 1024K, 69 young (70656K), 3 survivors (3072K)
 Metaspace       used 130927K, committed 131840K, reserved 1163264K
  class space    used 17954K, committed 18368K, reserved 1048576K
}
Event: 72.261 GC heap after
{Heap after GC invocations=54 (full 0):
 garbage-first heap   total 355328K, used 230080K [0x0000000080000000, 0x0000000100000000)
  region size 1024K, 3 young (3072K), 3 survivors (3072K)
 Metaspace       used 130927K, committed 131840K, reserved 1163264K
  class space    used 17954K, committed 18368K, reserved 1048576K
}
Event: 72.578 GC heap before
{Heap before GC invocations=54 (full 0):
 garbage-first heap   total 355328K, used 300736K [0x0000000080000000, 0x0000000100000000)
  region size 1024K, 73 young (74752K), 3 survivors (3072K)
 Metaspace       used 131277K, committed 132160K, reserved 1163264K
  class space    used 18008K, committed 18432K, reserved 1048576K
}
Event: 72.585 GC heap after
{Heap after GC invocations=55 (full 0):
 garbage-first heap   total 355328K, used 231081K [0x0000000080000000, 0x0000000100000000)
  region size 1024K, 4 young (4096K), 4 survivors (4096K)
 Metaspace       used 131277K, committed 132160K, reserved 1163264K
  class space    used 18008K, committed 18432K, reserved 1048576K
}
Event: 72.934 GC heap before
{Heap before GC invocations=55 (full 0):
 garbage-first heap   total 355328K, used 304809K [0x0000000080000000, 0x0000000100000000)
  region size 1024K, 76 young (77824K), 4 survivors (4096K)
 Metaspace       used 131497K, committed 132352K, reserved 1163264K
  class space    used 18049K, committed 18432K, reserved 1048576K
}
Event: 72.941 GC heap after
{Heap after GC invocations=56 (full 0):
 garbage-first heap   total 355328K, used 231317K [0x0000000080000000, 0x0000000100000000)
  region size 1024K, 5 young (5120K), 5 survivors (5120K)
 Metaspace       used 131497K, committed 132352K, reserved 1163264K
  class space    used 18049K, committed 18432K, reserved 1048576K
}
Event: 73.399 GC heap before
{Heap before GC invocations=56 (full 0):
 garbage-first heap   total 355328K, used 306069K [0x0000000080000000, 0x0000000100000000)
  region size 1024K, 78 young (79872K), 5 survivors (5120K)
 Metaspace       used 132285K, committed 133184K, reserved 1171456K
  class space    used 18145K, committed 18560K, reserved 1048576K
}
Event: 73.409 GC heap after
{Heap after GC invocations=57 (full 0):
 garbage-first heap   total 355328K, used 231818K [0x0000000080000000, 0x0000000100000000)
  region size 1024K, 5 young (5120K), 5 survivors (5120K)
 Metaspace       used 132285K, committed 133184K, reserved 1171456K
  class space    used 18145K, committed 18560K, reserved 1048576K
}
Event: 73.790 GC heap before
{Heap before GC invocations=57 (full 0):
 garbage-first heap   total 355328K, used 306570K [0x0000000080000000, 0x0000000100000000)
  region size 1024K, 79 young (80896K), 5 survivors (5120K)
 Metaspace       used 132590K, committed 133440K, reserved 1171456K
  class space    used 18198K, committed 18624K, reserved 1048576K
}
Event: 73.797 GC heap after
{Heap after GC invocations=58 (full 0):
 garbage-first heap   total 355328K, used 231922K [0x0000000080000000, 0x0000000100000000)
  region size 1024K, 5 young (5120K), 5 survivors (5120K)
 Metaspace       used 132590K, committed 133440K, reserved 1171456K
  class space    used 18198K, committed 18624K, reserved 1048576K
}
Event: 74.120 GC heap before
{Heap before GC invocations=58 (full 0):
 garbage-first heap   total 355328K, used 308722K [0x0000000080000000, 0x0000000100000000)
  region size 1024K, 81 young (82944K), 5 survivors (5120K)
 Metaspace       used 132717K, committed 133632K, reserved 1171456K
  class space    used 18198K, committed 18624K, reserved 1048576K
}
Event: 74.133 GC heap after
{Heap after GC invocations=59 (full 0):
 garbage-first heap   total 355328K, used 233655K [0x0000000080000000, 0x0000000100000000)
  region size 1024K, 7 young (7168K), 7 survivors (7168K)
 Metaspace       used 132717K, committed 133632K, reserved 1171456K
  class space    used 18198K, committed 18624K, reserved 1048576K
}
Event: 74.452 GC heap before
{Heap before GC invocations=59 (full 0):
 garbage-first heap   total 355328K, used 310455K [0x0000000080000000, 0x0000000100000000)
  region size 1024K, 82 young (83968K), 7 survivors (7168K)
 Metaspace       used 132900K, committed 133824K, reserved 1171456K
  class space    used 18198K, committed 18624K, reserved 1048576K
}

