# JRE version: OpenJDK Runtime Environment (17.0.6) (build 17.0.6+0-b2043.56-9586694)
# Java VM: OpenJDK 64-Bit Server VM (17.0.6+0-b2043.56-9586694, mixed mode, tiered, compressed oops, compressed class ptrs, g1 gc, windows-amd64)
GC Precious Log:
 CPUs: 8 total, 8 available
 Memory: 6091M
 Large Page Support: Disabled
 NUMA Support: Disabled
 Compressed Oops: Enabled (32-bit)
 Heap Region Size: 1M
 Heap Min Capacity: 8M
 Heap Initial Capacity: 96M
 Heap Max Capacity: 2G
 Pre-touch: Disabled
 Parallel Workers: 8
 Concurrent Workers: 2
 Concurrent Refinement Workers: 8
 Periodic GC: Disabled
Heap:
 garbage-first heap   total 155648K, used 97385K [0x0000000080000000, 0x0000000100000000)
  region size 1024K, 11 young (11264K), 3 survivors (3072K)
 Metaspace       used 46988K, committed 47488K, reserved 1097728K
  class space    used 6237K, committed 6464K, reserved 1048576K
GC Heap History (20 events):
Event: 5.850 GC heap before
{Heap before GC invocations=5 (full 0):
 garbage-first heap   total 71680K, used 47720K [0x0000000080000000, 0x0000000100000000)
  region size 1024K, 21 young (21504K), 3 survivors (3072K)
 Metaspace       used 29360K, committed 29696K, reserved 1081344K
  class space    used 3985K, committed 4160K, reserved 1048576K
}
Event: 5.857 GC heap after
{Heap after GC invocations=6 (full 0):
 garbage-first heap   total 71680K, used 35667K [0x0000000080000000, 0x0000000100000000)
  region size 1024K, 4 young (4096K), 4 survivors (4096K)
 Metaspace       used 29360K, committed 29696K, reserved 1081344K
  class space    used 3985K, committed 4160K, reserved 1048576K
}
Event: 5.897 GC heap before
{Heap before GC invocations=7 (full 0):
 garbage-first heap   total 80896K, used 45907K [0x0000000080000000, 0x0000000100000000)
  region size 1024K, 5 young (5120K), 4 survivors (4096K)
 Metaspace       used 29361K, committed 29696K, reserved 1081344K
  class space    used 3985K, committed 4160K, reserved 1048576K
}
Event: 5.901 GC heap after
{Heap after GC invocations=8 (full 0):
 garbage-first heap   total 80896K, used 45823K [0x0000000080000000, 0x0000000100000000)
  region size 1024K, 1 young (1024K), 1 survivors (1024K)
 Metaspace       used 29361K, committed 29696K, reserved 1081344K
  class space    used 3985K, committed 4160K, reserved 1048576K
}
Event: 5.947 GC heap before
{Heap before GC invocations=9 (full 0):
 garbage-first heap   total 86016K, used 54015K [0x0000000080000000, 0x0000000100000000)
  region size 1024K, 2 young (2048K), 1 survivors (1024K)
 Metaspace       used 29377K, committed 29696K, reserved 1081344K
  class space    used 3987K, committed 4160K, reserved 1048576K
}
Event: 5.949 GC heap after
{Heap after GC invocations=10 (full 0):
 garbage-first heap   total 86016K, used 54153K [0x0000000080000000, 0x0000000100000000)
  region size 1024K, 1 young (1024K), 1 survivors (1024K)
 Metaspace       used 29377K, committed 29696K, reserved 1081344K
  class space    used 3987K, committed 4160K, reserved 1048576K
}
Event: 6.398 GC heap before
{Heap before GC invocations=11 (full 0):
 garbage-first heap   total 97280K, used 66441K [0x0000000080000000, 0x0000000100000000)
  region size 1024K, 13 young (13312K), 1 survivors (1024K)
 Metaspace       used 30909K, committed 31296K, reserved 1081344K
  class space    used 4221K, committed 4416K, reserved 1048576K
}
Event: 6.401 GC heap after
{Heap after GC invocations=12 (full 0):
 garbage-first heap   total 116736K, used 56916K [0x0000000080000000, 0x0000000100000000)
  region size 1024K, 2 young (2048K), 2 survivors (2048K)
 Metaspace       used 30909K, committed 31296K, reserved 1081344K
  class space    used 4221K, committed 4416K, reserved 1048576K
}
Event: 7.490 GC heap before
{Heap before GC invocations=12 (full 0):
 garbage-first heap   total 116736K, used 88660K [0x0000000080000000, 0x0000000100000000)
  region size 1024K, 33 young (33792K), 2 survivors (2048K)
 Metaspace       used 35730K, committed 36096K, reserved 1081344K
  class space    used 4963K, committed 5120K, reserved 1048576K
}
Event: 7.495 GC heap after
{Heap after GC invocations=13 (full 0):
 garbage-first heap   total 116736K, used 58566K [0x0000000080000000, 0x0000000100000000)
  region size 1024K, 4 young (4096K), 4 survivors (4096K)
 Metaspace       used 35730K, committed 36096K, reserved 1081344K
  class space    used 4963K, committed 5120K, reserved 1048576K
}
Event: 8.323 GC heap before
{Heap before GC invocations=14 (full 0):
 garbage-first heap   total 116736K, used 89286K [0x0000000080000000, 0x0000000100000000)
  region size 1024K, 35 young (35840K), 4 survivors (4096K)
 Metaspace       used 41724K, committed 42176K, reserved 1089536K
  class space    used 5568K, committed 5760K, reserved 1048576K
}
Event: 8.333 GC heap after
{Heap after GC invocations=15 (full 0):
 garbage-first heap   total 116736K, used 63012K [0x0000000080000000, 0x0000000100000000)
  region size 1024K, 5 young (5120K), 5 survivors (5120K)
 Metaspace       used 41724K, committed 42176K, reserved 1089536K
  class space    used 5568K, committed 5760K, reserved 1048576K
}
Event: 8.493 GC heap before
{Heap before GC invocations=15 (full 0):
 garbage-first heap   total 116736K, used 73252K [0x0000000080000000, 0x0000000100000000)
  region size 1024K, 17 young (17408K), 5 survivors (5120K)
 Metaspace       used 42197K, committed 42624K, reserved 1089536K
  class space    used 5614K, committed 5824K, reserved 1048576K
}
Event: 8.500 GC heap after
{Heap after GC invocations=16 (full 0):
 garbage-first heap   total 116736K, used 65437K [0x0000000080000000, 0x0000000100000000)
  region size 1024K, 3 young (3072K), 3 survivors (3072K)
 Metaspace       used 42197K, committed 42624K, reserved 1089536K
  class space    used 5614K, committed 5824K, reserved 1048576K
}
Event: 9.435 GC heap before
{Heap before GC invocations=17 (full 0):
 garbage-first heap   total 119808K, used 94109K [0x0000000080000000, 0x0000000100000000)
  region size 1024K, 28 young (28672K), 3 survivors (3072K)
 Metaspace       used 46271K, committed 46720K, reserved 1089536K
  class space    used 6129K, committed 6336K, reserved 1048576K
}
Event: 9.440 GC heap after
{Heap after GC invocations=18 (full 0):
 garbage-first heap   total 119808K, used 66539K [0x0000000080000000, 0x0000000100000000)
  region size 1024K, 4 young (4096K), 4 survivors (4096K)
 Metaspace       used 46271K, committed 46720K, reserved 1089536K
  class space    used 6129K, committed 6336K, reserved 1048576K
}
Event: 9.663 GC heap before
{Heap before GC invocations=18 (full 0):
 garbage-first heap   total 119808K, used 72683K [0x0000000080000000, 0x0000000100000000)
  region size 1024K, 11 young (11264K), 4 survivors (4096K)
 Metaspace       used 46619K, committed 47040K, reserved 1089536K
  class space    used 6183K, committed 6400K, reserved 1048576K
}
Event: 9.668 GC heap after
{Heap after GC invocations=19 (full 0):
 garbage-first heap   total 119808K, used 68329K [0x0000000080000000, 0x0000000100000000)
  region size 1024K, 4 young (4096K), 4 survivors (4096K)
 Metaspace       used 46619K, committed 47040K, reserved 1089536K
  class space    used 6183K, committed 6400K, reserved 1048576K
}
Event: 9.731 GC heap before
{Heap before GC invocations=20 (full 0):
 garbage-first heap   total 138240K, used 81641K [0x0000000080000000, 0x0000000100000000)
  region size 1024K, 5 young (5120K), 4 survivors (4096K)
 Metaspace       used 46619K, committed 47040K, reserved 1089536K
  class space    used 6183K, committed 6400K, reserved 1048576K
}
Event: 9.735 GC heap after
{Heap after GC invocations=21 (full 0):
 garbage-first heap   total 138240K, used 82025K [0x0000000080000000, 0x0000000100000000)
  region size 1024K, 3 young (3072K), 3 survivors (3072K)
 Metaspace       used 46619K, committed 47040K, reserved 1089536K
  class space    used 6183K, committed 6400K, reserved 1048576K
}

