# JRE version: OpenJDK Runtime Environment (17.0.6) (build 17.0.6+0-b2043.56-9586694)
# Java VM: OpenJDK 64-Bit Server VM (17.0.6+0-b2043.56-9586694, mixed mode, tiered, compressed oops, compressed class ptrs, g1 gc, windows-amd64)
GC Precious Log:
 CPUs: 8 total, 8 available
 Memory: 6091M
 Large Page Support: Disabled
 NUMA Support: Disabled
 Compressed Oops: Enabled (32-bit)
 Heap Region Size: 1M
 Heap Min Capacity: 8M
 Heap Initial Capacity: 96M
 Heap Max Capacity: 2G
 Pre-touch: Disabled
 Parallel Workers: 8
 Concurrent Workers: 2
 Concurrent Refinement Workers: 8
 Periodic GC: Disabled
Heap:
 garbage-first heap   total 342016K, used 213505K [0x0000000080000000, 0x0000000100000000)
  region size 1024K, 9 young (9216K), 9 survivors (9216K)
 Metaspace       used 141359K, committed 142272K, reserved 1179648K
  class space    used 19246K, committed 19712K, reserved 1048576K
GC Heap History (20 events):
Event: 56.796 GC heap after
{Heap after GC invocations=48 (full 0):
 garbage-first heap   total 342016K, used 162110K [0x0000000080000000, 0x0000000100000000)
  region size 1024K, 3 young (3072K), 3 survivors (3072K)
 Metaspace       used 122121K, committed 122944K, reserved 1163264K
  class space    used 16062K, committed 16448K, reserved 1048576K
}
Event: 59.134 GC heap before
{Heap before GC invocations=48 (full 0):
 garbage-first heap   total 342016K, used 279870K [0x0000000080000000, 0x0000000100000000)
  region size 1024K, 119 young (121856K), 3 survivors (3072K)
 Metaspace       used 129984K, committed 130880K, reserved 1163264K
  class space    used 17322K, committed 17792K, reserved 1048576K
}
Event: 59.149 GC heap after
{Heap after GC invocations=49 (full 0):
 garbage-first heap   total 342016K, used 168192K [0x0000000080000000, 0x0000000100000000)
  region size 1024K, 9 young (9216K), 9 survivors (9216K)
 Metaspace       used 129984K, committed 130880K, reserved 1163264K
  class space    used 17322K, committed 17792K, reserved 1048576K
}
Event: 60.418 GC heap before
{Heap before GC invocations=49 (full 0):
 garbage-first heap   total 342016K, used 280832K [0x0000000080000000, 0x0000000100000000)
  region size 1024K, 120 young (122880K), 9 survivors (9216K)
 Metaspace       used 138166K, committed 139072K, reserved 1171456K
  class space    used 18869K, committed 19328K, reserved 1048576K
}
Event: 60.450 GC heap after
{Heap after GC invocations=50 (full 0):
 garbage-first heap   total 342016K, used 174094K [0x0000000080000000, 0x0000000100000000)
  region size 1024K, 14 young (14336K), 14 survivors (14336K)
 Metaspace       used 138166K, committed 139072K, reserved 1171456K
  class space    used 18869K, committed 19328K, reserved 1048576K
}
Event: 61.096 GC heap before
{Heap before GC invocations=50 (full 0):
 garbage-first heap   total 342016K, used 282638K [0x0000000080000000, 0x0000000100000000)
  region size 1024K, 121 young (123904K), 14 survivors (14336K)
 Metaspace       used 139572K, committed 140544K, reserved 1171456K
  class space    used 19061K, committed 19520K, reserved 1048576K
}
Event: 61.136 GC heap after
{Heap after GC invocations=51 (full 0):
 garbage-first heap   total 342016K, used 174519K [0x0000000080000000, 0x0000000100000000)
  region size 1024K, 8 young (8192K), 8 survivors (8192K)
 Metaspace       used 139572K, committed 140544K, reserved 1171456K
  class space    used 19061K, committed 19520K, reserved 1048576K
}
Event: 61.682 GC heap before
{Heap before GC invocations=51 (full 0):
 garbage-first heap   total 342016K, used 285111K [0x0000000080000000, 0x0000000100000000)
  region size 1024K, 117 young (119808K), 8 survivors (8192K)
 Metaspace       used 139846K, committed 140800K, reserved 1171456K
  class space    used 19098K, committed 19584K, reserved 1048576K
}
Event: 61.694 GC heap after
{Heap after GC invocations=52 (full 0):
 garbage-first heap   total 342016K, used 175200K [0x0000000080000000, 0x0000000100000000)
  region size 1024K, 8 young (8192K), 8 survivors (8192K)
 Metaspace       used 139846K, committed 140800K, reserved 1171456K
  class space    used 19098K, committed 19584K, reserved 1048576K
}
Event: 62.524 GC heap before
{Heap before GC invocations=52 (full 0):
 garbage-first heap   total 342016K, used 289888K [0x0000000080000000, 0x0000000100000000)
  region size 1024K, 120 young (122880K), 8 survivors (8192K)
 Metaspace       used 139991K, committed 140928K, reserved 1171456K
  class space    used 19114K, committed 19584K, reserved 1048576K
}
Event: 62.546 GC heap after
{Heap after GC invocations=53 (full 0):
 garbage-first heap   total 342016K, used 176213K [0x0000000080000000, 0x0000000100000000)
  region size 1024K, 9 young (9216K), 9 survivors (9216K)
 Metaspace       used 139991K, committed 140928K, reserved 1171456K
  class space    used 19114K, committed 19584K, reserved 1048576K
}
Event: 63.179 GC heap before
{Heap before GC invocations=53 (full 0):
 garbage-first heap   total 342016K, used 292949K [0x0000000080000000, 0x0000000100000000)
  region size 1024K, 122 young (124928K), 9 survivors (9216K)
 Metaspace       used 140717K, committed 141696K, reserved 1171456K
  class space    used 19221K, committed 19712K, reserved 1048576K
}
Event: 63.201 GC heap after
{Heap after GC invocations=54 (full 0):
 garbage-first heap   total 342016K, used 179187K [0x0000000080000000, 0x0000000100000000)
  region size 1024K, 7 young (7168K), 7 survivors (7168K)
 Metaspace       used 140717K, committed 141696K, reserved 1171456K
  class space    used 19221K, committed 19712K, reserved 1048576K
}
Event: 63.696 GC heap before
{Heap before GC invocations=54 (full 0):
 garbage-first heap   total 342016K, used 290803K [0x0000000080000000, 0x0000000100000000)
  region size 1024K, 117 young (119808K), 7 survivors (7168K)
 Metaspace       used 140838K, committed 141760K, reserved 1171456K
  class space    used 19240K, committed 19712K, reserved 1048576K
}
Event: 63.711 GC heap after
{Heap after GC invocations=55 (full 0):
 garbage-first heap   total 342016K, used 188167K [0x0000000080000000, 0x0000000100000000)
  region size 1024K, 15 young (15360K), 15 survivors (15360K)
 Metaspace       used 140838K, committed 141760K, reserved 1171456K
  class space    used 19240K, committed 19712K, reserved 1048576K
}
Event: 64.044 GC heap before
{Heap before GC invocations=55 (full 0):
 garbage-first heap   total 342016K, used 286471K [0x0000000080000000, 0x0000000100000000)
  region size 1024K, 112 young (114688K), 15 survivors (15360K)
 Metaspace       used 140983K, committed 141952K, reserved 1171456K
  class space    used 19244K, committed 19712K, reserved 1048576K
}
Event: 64.136 GC heap after
{Heap after GC invocations=56 (full 0):
 garbage-first heap   total 342016K, used 197719K [0x0000000080000000, 0x0000000100000000)
  region size 1024K, 14 young (14336K), 14 survivors (14336K)
 Metaspace       used 140983K, committed 141952K, reserved 1171456K
  class space    used 19244K, committed 19712K, reserved 1048576K
}
Event: 64.672 GC heap before
{Heap before GC invocations=56 (full 0):
 garbage-first heap   total 342016K, used 283735K [0x0000000080000000, 0x0000000100000000)
  region size 1024K, 98 young (100352K), 14 survivors (14336K)
 Metaspace       used 141130K, committed 142080K, reserved 1171456K
  class space    used 19244K, committed 19712K, reserved 1048576K
}
Event: 64.707 GC heap after
{Heap after GC invocations=57 (full 0):
 garbage-first heap   total 342016K, used 206416K [0x0000000080000000, 0x0000000100000000)
  region size 1024K, 11 young (11264K), 11 survivors (11264K)
 Metaspace       used 141130K, committed 142080K, reserved 1171456K
  class space    used 19244K, committed 19712K, reserved 1048576K
}
Event: 65.045 GC heap before
{Heap before GC invocations=57 (full 0):
 garbage-first heap   total 342016K, used 283216K [0x0000000080000000, 0x0000000100000000)
  region size 1024K, 87 young (89088K), 11 survivors (11264K)
 Metaspace       used 141359K, committed 142272K, reserved 1179648K
  class space    used 19246K, committed 19712K, reserved 1048576K
}

