# JRE version: OpenJDK Runtime Environment (17.0.6) (build 17.0.6+0-b2043.56-9586694)
# Java VM: OpenJDK 64-Bit Server VM (17.0.6+0-b2043.56-9586694, mixed mode, tiered, compressed oops, compressed class ptrs, g1 gc, windows-amd64)
GC Precious Log:
 CPUs: 8 total, 8 available
 Memory: 6091M
 Large Page Support: Disabled
 NUMA Support: Disabled
 Compressed Oops: Enabled (32-bit)
 Heap Region Size: 1M
 Heap Min Capacity: 8M
 Heap Initial Capacity: 96M
 Heap Max Capacity: 512M
 Pre-touch: Disabled
 Parallel Workers: 8
 Concurrent Workers: 2
 Concurrent Refinement Workers: 8
 Periodic GC: Disabled
Heap:
 garbage-first heap   total 409600K, used 256153K [0x00000000e0000000, 0x0000000100000000)
  region size 1024K, 19 young (19456K), 7 survivors (7168K)
 Metaspace       used 125307K, committed 126464K, reserved 1163264K
  class space    used 16797K, committed 17344K, reserved 1048576K
GC Heap History (20 events):
Event: 35.099 GC heap before
{Heap before GC invocations=59 (full 0):
 garbage-first heap   total 348160K, used 237410K [0x00000000e0000000, 0x0000000100000000)
  region size 1024K, 49 young (50176K), 7 survivors (7168K)
 Metaspace       used 110342K, committed 111040K, reserved 1146880K
  class space    used 14859K, committed 15168K, reserved 1048576K
}
Event: 35.134 GC heap after
{Heap after GC invocations=60 (full 0):
 garbage-first heap   total 348160K, used 198480K [0x00000000e0000000, 0x0000000100000000)
  region size 1024K, 3 young (3072K), 3 survivors (3072K)
 Metaspace       used 110342K, committed 111040K, reserved 1146880K
  class space    used 14859K, committed 15168K, reserved 1048576K
}
Event: 37.216 GC heap before
{Heap before GC invocations=60 (full 0):
 garbage-first heap   total 348160K, used 212816K [0x00000000e0000000, 0x0000000100000000)
  region size 1024K, 17 young (17408K), 3 survivors (3072K)
 Metaspace       used 110750K, committed 111488K, reserved 1146880K
  class space    used 14898K, committed 15232K, reserved 1048576K
}
Event: 37.244 GC heap after
{Heap after GC invocations=61 (full 0):
 garbage-first heap   total 348160K, used 200307K [0x00000000e0000000, 0x0000000100000000)
  region size 1024K, 2 young (2048K), 2 survivors (2048K)
 Metaspace       used 110750K, committed 111488K, reserved 1146880K
  class space    used 14898K, committed 15232K, reserved 1048576K
}
Event: 41.649 GC heap before
{Heap before GC invocations=61 (full 0):
 garbage-first heap   total 348160K, used 269939K [0x00000000e0000000, 0x0000000100000000)
  region size 1024K, 70 young (71680K), 2 survivors (2048K)
 Metaspace       used 114152K, committed 114944K, reserved 1155072K
  class space    used 15302K, committed 15616K, reserved 1048576K
}
Event: 41.659 GC heap after
{Heap after GC invocations=62 (full 0):
 garbage-first heap   total 348160K, used 205221K [0x00000000e0000000, 0x0000000100000000)
  region size 1024K, 7 young (7168K), 7 survivors (7168K)
 Metaspace       used 114152K, committed 114944K, reserved 1155072K
  class space    used 15302K, committed 15616K, reserved 1048576K
}
Event: 95.759 GC heap before
{Heap before GC invocations=62 (full 0):
 garbage-first heap   total 348160K, used 278949K [0x00000000e0000000, 0x0000000100000000)
  region size 1024K, 79 young (80896K), 7 survivors (7168K)
 Metaspace       used 118917K, committed 120064K, reserved 1155072K
  class space    used 15964K, committed 16512K, reserved 1048576K
}
Event: 95.791 GC heap after
{Heap after GC invocations=63 (full 0):
 garbage-first heap   total 348160K, used 211502K [0x00000000e0000000, 0x0000000100000000)
  region size 1024K, 10 young (10240K), 10 survivors (10240K)
 Metaspace       used 118917K, committed 120064K, reserved 1155072K
  class space    used 15964K, committed 16512K, reserved 1048576K
}
Event: 99.637 GC heap before
{Heap before GC invocations=63 (full 0):
 garbage-first heap   total 348160K, used 283182K [0x00000000e0000000, 0x0000000100000000)
  region size 1024K, 80 young (81920K), 10 survivors (10240K)
 Metaspace       used 121399K, committed 122560K, reserved 1155072K
  class space    used 16262K, committed 16832K, reserved 1048576K
}
Event: 99.672 GC heap after
{Heap after GC invocations=64 (full 0):
 garbage-first heap   total 348160K, used 221524K [0x00000000e0000000, 0x0000000100000000)
  region size 1024K, 10 young (10240K), 10 survivors (10240K)
 Metaspace       used 121399K, committed 122560K, reserved 1155072K
  class space    used 16262K, committed 16832K, reserved 1048576K
}
Event: 103.809 GC heap before
{Heap before GC invocations=65 (full 0):
 garbage-first heap   total 399360K, used 282964K [0x00000000e0000000, 0x0000000100000000)
  region size 1024K, 70 young (71680K), 10 survivors (10240K)
 Metaspace       used 122027K, committed 123200K, reserved 1163264K
  class space    used 16374K, committed 16960K, reserved 1048576K
}
Event: 103.849 GC heap after
{Heap after GC invocations=66 (full 0):
 garbage-first heap   total 399360K, used 230803K [0x00000000e0000000, 0x0000000100000000)
  region size 1024K, 9 young (9216K), 9 survivors (9216K)
 Metaspace       used 122027K, committed 123200K, reserved 1163264K
  class space    used 16374K, committed 16960K, reserved 1048576K
}
Event: 104.213 GC heap before
{Heap before GC invocations=66 (full 0):
 garbage-first heap   total 399360K, used 240018K [0x00000000e0000000, 0x0000000100000000)
  region size 1024K, 19 young (19456K), 9 survivors (9216K)
 Metaspace       used 122058K, committed 123264K, reserved 1163264K
  class space    used 16374K, committed 16960K, reserved 1048576K
}
Event: 104.228 GC heap after
{Heap after GC invocations=67 (full 0):
 garbage-first heap   total 399360K, used 232536K [0x00000000e0000000, 0x0000000100000000)
  region size 1024K, 2 young (2048K), 2 survivors (2048K)
 Metaspace       used 122058K, committed 123264K, reserved 1163264K
  class space    used 16374K, committed 16960K, reserved 1048576K
}
Event: 107.117 GC heap before
{Heap before GC invocations=67 (full 0):
 garbage-first heap   total 399360K, used 319576K [0x00000000e0000000, 0x0000000100000000)
  region size 1024K, 88 young (90112K), 2 survivors (2048K)
 Metaspace       used 122567K, committed 123648K, reserved 1163264K
  class space    used 16433K, committed 16960K, reserved 1048576K
}
Event: 107.130 GC heap after
{Heap after GC invocations=68 (full 0):
 garbage-first heap   total 399360K, used 238074K [0x00000000e0000000, 0x0000000100000000)
  region size 1024K, 8 young (8192K), 8 survivors (8192K)
 Metaspace       used 122567K, committed 123648K, reserved 1163264K
  class space    used 16433K, committed 16960K, reserved 1048576K
}
Event: 108.442 GC heap before
{Heap before GC invocations=68 (full 0):
 garbage-first heap   total 399360K, used 286202K [0x00000000e0000000, 0x0000000100000000)
  region size 1024K, 57 young (58368K), 8 survivors (8192K)
 Metaspace       used 122773K, committed 123904K, reserved 1163264K
  class space    used 16466K, committed 17024K, reserved 1048576K
}
Event: 108.504 GC heap after
{Heap after GC invocations=69 (full 0):
 garbage-first heap   total 399360K, used 241343K [0x00000000e0000000, 0x0000000100000000)
  region size 1024K, 4 young (4096K), 4 survivors (4096K)
 Metaspace       used 122773K, committed 123904K, reserved 1163264K
  class space    used 16466K, committed 17024K, reserved 1048576K
}
Event: 110.275 GC heap before
{Heap before GC invocations=70 (full 0):
 garbage-first heap   total 409600K, used 329407K [0x00000000e0000000, 0x0000000100000000)
  region size 1024K, 88 young (90112K), 4 survivors (4096K)
 Metaspace       used 124988K, committed 126208K, reserved 1163264K
  class space    used 16771K, committed 17344K, reserved 1048576K
}
Event: 110.286 GC heap after
{Heap after GC invocations=71 (full 0):
 garbage-first heap   total 409600K, used 245913K [0x00000000e0000000, 0x0000000100000000)
  region size 1024K, 7 young (7168K), 7 survivors (7168K)
 Metaspace       used 124988K, committed 126208K, reserved 1163264K
  class space    used 16771K, committed 17344K, reserved 1048576K
}

